Build started at 2020-09-29T00:15:28.167813
Main binary: /usr/bin/python3
Build Options: -Db_flto=true -Dbuildtype=release -Ddefault_library=static -Dstandard_library=static
Python system: Linux
The Meson build system
Version: 0.55.3
Source dir: /mnt/sda5/home/kitty/Downloads/swa
Build dir: /mnt/sda5/home/kitty/Downloads/swa/build_alp
Build type: native build
None of 'PKG_CONFIG_PATH' are defined in the environment, not changing global flags.
None of 'PKG_CONFIG_PATH' are defined in the environment, not changing global flags.
WARNING: Unknown options: "standard_library"
The value of new options can be set with:
meson setup <builddir> --reconfigure -Dnew_option=new_value ...
Project name: swa
Project version: 0.1.0
None of 'CC' are defined in the environment, not changing global flags.
None of 'CFLAGS' are defined in the environment, not changing global flags.
None of 'LDFLAGS' are defined in the environment, not changing global flags.
None of 'CPPFLAGS' are defined in the environment, not changing global flags.
None of 'CC_LD' are defined in the environment, not changing global flags.
Sanity testing C compiler: cc
Is cross compiler: False.
None of 'CC_LD' are defined in the environment, not changing global flags.
Sanity check compiler command line: cc /mnt/sda5/home/kitty/Downloads/swa/build_alp/meson-private/sanitycheckc.c -o /mnt/sda5/home/kitty/Downloads/swa/build_alp/meson-private/sanitycheckc.exe -pipe -D_FILE_OFFSET_BITS=64
Sanity check compile stdout:

-----
Sanity check compile stderr:

-----
Running test binary command: /mnt/sda5/home/kitty/Downloads/swa/build_alp/meson-private/sanitycheckc.exe
C compiler for the build machine: cc (gcc 10.2.0 "cc (Alpine 10.2.0) 10.2.0")
C linker for the build machine: cc ld.bfd 2.35.1
None of 'AR' are defined in the environment, not changing global flags.
None of 'CC' are defined in the environment, not changing global flags.
None of 'CFLAGS' are defined in the environment, not changing global flags.
None of 'LDFLAGS' are defined in the environment, not changing global flags.
None of 'CPPFLAGS' are defined in the environment, not changing global flags.
None of 'CC_LD' are defined in the environment, not changing global flags.
Sanity testing C compiler: cc
Is cross compiler: False.
None of 'CC_LD' are defined in the environment, not changing global flags.
Sanity check compiler command line: cc /mnt/sda5/home/kitty/Downloads/swa/build_alp/meson-private/sanitycheckc.c -o /mnt/sda5/home/kitty/Downloads/swa/build_alp/meson-private/sanitycheckc.exe -pipe -D_FILE_OFFSET_BITS=64
Sanity check compile stdout:

-----
Sanity check compile stderr:

-----
Running test binary command: /mnt/sda5/home/kitty/Downloads/swa/build_alp/meson-private/sanitycheckc.exe
C compiler for the host machine: cc (gcc 10.2.0 "cc (Alpine 10.2.0) 10.2.0")
C linker for the host machine: cc ld.bfd 2.35.1
None of 'AR' are defined in the environment, not changing global flags.
Build machine cpu family: x86_64
Build machine cpu: x86_64
Host machine cpu family: x86_64
Host machine cpu: x86_64
Target machine cpu family: x86_64
Target machine cpu: x86_64
Running compile:
Working directory:  /mnt/sda5/home/kitty/Downloads/swa/build_alp/meson-private/tmpkoe8jtjy
Command line:  cc /mnt/sda5/home/kitty/Downloads/swa/build_alp/meson-private/tmpkoe8jtjy/testfile.c -o /mnt/sda5/home/kitty/Downloads/swa/build_alp/meson-private/tmpkoe8jtjy/output.obj -pipe -c -D_FILE_OFFSET_BITS=64 -O0 -Wno-unused-parameter -Wunused-parameter 

Code:
 extern int i;
int i;

Compiler stdout:
 
Compiler stderr:
 
Compiler for C supports arguments -Wno-unused-parameter -Wunused-parameter: YES 
Running compile:
Working directory:  /mnt/sda5/home/kitty/Downloads/swa/build_alp/meson-private/tmpim69tlq5
Command line:  cc /mnt/sda5/home/kitty/Downloads/swa/build_alp/meson-private/tmpim69tlq5/testfile.c -o /mnt/sda5/home/kitty/Downloads/swa/build_alp/meson-private/tmpim69tlq5/output.obj -pipe -c -D_FILE_OFFSET_BITS=64 -O0 -Wno-unused-function -Wunused-function 

Code:
 extern int i;
int i;

Compiler stdout:
 
Compiler stderr:
 
Compiler for C supports arguments -Wno-unused-function -Wunused-function: YES 
Running compile:
Working directory:  /mnt/sda5/home/kitty/Downloads/swa/build_alp/meson-private/tmp5s04e1_2
Command line:  cc /mnt/sda5/home/kitty/Downloads/swa/build_alp/meson-private/tmp5s04e1_2/testfile.c -o /mnt/sda5/home/kitty/Downloads/swa/build_alp/meson-private/tmp5s04e1_2/output.obj -pipe -c -D_FILE_OFFSET_BITS=64 -O0 -Wno-missing-braces -Wmissing-braces 

Code:
 extern int i;
int i;

Compiler stdout:
 
Compiler stderr:
 
Compiler for C supports arguments -Wno-missing-braces -Wmissing-braces: YES 
Running compile:
Working directory:  /mnt/sda5/home/kitty/Downloads/swa/build_alp/meson-private/tmp71tviqbr
Command line:  cc /mnt/sda5/home/kitty/Downloads/swa/build_alp/meson-private/tmp71tviqbr/testfile.c -o /mnt/sda5/home/kitty/Downloads/swa/build_alp/meson-private/tmp71tviqbr/output.obj -pipe -c -D_FILE_OFFSET_BITS=64 -O0 -Wundef 

Code:
 extern int i;
int i;

Compiler stdout:
 
Compiler stderr:
 
Compiler for C supports arguments -Wundef: YES 
Running compile:
Working directory:  /mnt/sda5/home/kitty/Downloads/swa/build_alp/meson-private/tmp5rdep777
Command line:  cc /mnt/sda5/home/kitty/Downloads/swa/build_alp/meson-private/tmp5rdep777/testfile.c -o /mnt/sda5/home/kitty/Downloads/swa/build_alp/meson-private/tmp5rdep777/output.obj -pipe -c -D_FILE_OFFSET_BITS=64 -O0 -Wvla 

Code:
 extern int i;
int i;

Compiler stdout:
 
Compiler stderr:
 
Compiler for C supports arguments -Wvla: YES 
Running compile:
Working directory:  /mnt/sda5/home/kitty/Downloads/swa/build_alp/meson-private/tmpua7z56b6
Command line:  cc /mnt/sda5/home/kitty/Downloads/swa/build_alp/meson-private/tmpua7z56b6/testfile.c -o /mnt/sda5/home/kitty/Downloads/swa/build_alp/meson-private/tmpua7z56b6/output.obj -pipe -c -D_FILE_OFFSET_BITS=64 -O0 /wd4127 

Code:
 extern int i;
int i;

Compiler stdout:
 
Compiler stderr:
 cc: error: /wd4127: No such file or directory

Compiler for C supports arguments /wd4127: NO 
Running compile:
Working directory:  /mnt/sda5/home/kitty/Downloads/swa/build_alp/meson-private/tmph11gs0vj
Command line:  cc /mnt/sda5/home/kitty/Downloads/swa/build_alp/meson-private/tmph11gs0vj/testfile.c -o /mnt/sda5/home/kitty/Downloads/swa/build_alp/meson-private/tmph11gs0vj/output.obj -pipe -c -D_FILE_OFFSET_BITS=64 -O0 /wd4706 

Code:
 extern int i;
int i;

Compiler stdout:
 
Compiler stderr:
 cc: error: /wd4706: No such file or directory

Compiler for C supports arguments /wd4706: NO 
Running compile:
Working directory:  /mnt/sda5/home/kitty/Downloads/swa/build_alp/meson-private/tmpmjff8i3g
Command line:  cc /mnt/sda5/home/kitty/Downloads/swa/build_alp/meson-private/tmpmjff8i3g/testfile.c -o /mnt/sda5/home/kitty/Downloads/swa/build_alp/meson-private/tmpmjff8i3g/output.obj -pipe -c -D_FILE_OFFSET_BITS=64 -O0 /wd4100 

Code:
 extern int i;
int i;

Compiler stdout:
 
Compiler stderr:
 cc: error: /wd4100: No such file or directory

Compiler for C supports arguments /wd4100: NO 
Running compile:
Working directory:  /mnt/sda5/home/kitty/Downloads/swa/build_alp/meson-private/tmp16fm0yov
Command line:  cc /mnt/sda5/home/kitty/Downloads/swa/build_alp/meson-private/tmp16fm0yov/testfile.c -o /mnt/sda5/home/kitty/Downloads/swa/build_alp/meson-private/tmp16fm0yov/output.obj -pipe -c -D_FILE_OFFSET_BITS=64 -O0 /wd4189 

Code:
 extern int i;
int i;

Compiler stdout:
 
Compiler stderr:
 cc: error: /wd4189: No such file or directory

Compiler for C supports arguments /wd4189: NO 
Running compile:
Working directory:  /mnt/sda5/home/kitty/Downloads/swa/build_alp/meson-private/tmp51b5gsjt
Command line:  cc /mnt/sda5/home/kitty/Downloads/swa/build_alp/meson-private/tmp51b5gsjt/testfile.c -o /mnt/sda5/home/kitty/Downloads/swa/build_alp/meson-private/tmp51b5gsjt/output.obj -pipe -c -D_FILE_OFFSET_BITS=64 -O0 /wd4090 

Code:
 extern int i;
int i;

Compiler stdout:
 
Compiler stderr:
 cc: error: /wd4090: No such file or directory

Compiler for C supports arguments /wd4090: NO 
Running compile:
Working directory:  /mnt/sda5/home/kitty/Downloads/swa/build_alp/meson-private/tmpavs4lplz
Command line:  cc /mnt/sda5/home/kitty/Downloads/swa/build_alp/meson-private/tmpavs4lplz/testfile.c -o /mnt/sda5/home/kitty/Downloads/swa/build_alp/meson-private/tmpavs4lplz/output.obj -pipe -c -D_FILE_OFFSET_BITS=64 -O0 /wd4132 

Code:
 extern int i;
int i;

Compiler stdout:
 
Compiler stderr:
 cc: error: /wd4132: No such file or directory

Compiler for C supports arguments /wd4132: NO 
Running compile:
Working directory:  /mnt/sda5/home/kitty/Downloads/swa/build_alp/meson-private/tmpc34y7_g_
Command line:  cc /mnt/sda5/home/kitty/Downloads/swa/build_alp/meson-private/tmpc34y7_g_/testfile.c -o /mnt/sda5/home/kitty/Downloads/swa/build_alp/meson-private/tmpc34y7_g_/output.obj -pipe -c -D_FILE_OFFSET_BITS=64 -O0 /wd4204 

Code:
 extern int i;
int i;

Compiler stdout:
 
Compiler stderr:
 cc: error: /wd4204: No such file or directory

Compiler for C supports arguments /wd4204: NO 
Running compile:
Working directory:  /mnt/sda5/home/kitty/Downloads/swa/build_alp/meson-private/tmpnoxqd88y
Command line:  cc /mnt/sda5/home/kitty/Downloads/swa/build_alp/meson-private/tmpnoxqd88y/testfile.c -o /mnt/sda5/home/kitty/Downloads/swa/build_alp/meson-private/tmpnoxqd88y/output.obj -pipe -c -D_FILE_OFFSET_BITS=64 -O0 /wd4201 

Code:
 extern int i;
int i;

Compiler stdout:
 
Compiler stderr:
 cc: error: /wd4201: No such file or directory

Compiler for C supports arguments /wd4201: NO 
Run-time dependency threads found: YES
Pkg-config binary for MachineChoice.HOST is not cached.
None of 'PKG_CONFIG' are defined in the environment, not changing global flags.
Pkg-config binary missing from cross or native file, or env var undefined.
Trying a default Pkg-config fallback at pkg-config
Found pkg-config: /usr/bin/pkg-config (1.7.3)
Determining dependency 'dlg' with pkg-config executable '/usr/bin/pkg-config'
PKG_CONFIG_PATH: 
Called `/usr/bin/pkg-config --modversion dlg` -> 1

CMake binary for MachineChoice.HOST is not cached
None of 'CMAKE' are defined in the environment, not changing global flags.
CMake binary missing from cross or native file, or env var undefined.
Trying a default CMake fallback at cmake
Found CMake: /usr/bin/cmake (3.18.3)
None of 'CMAKE_PREFIX_PATH' are defined in the environment, not changing global flags.
Extracting basic cmake information
Try CMake generator: auto
None of 'CXX' are defined in the environment, not changing global flags.
None of 'CXXFLAGS' are defined in the environment, not changing global flags.
None of 'LDFLAGS' are defined in the environment, not changing global flags.
None of 'CPPFLAGS' are defined in the environment, not changing global flags.
None of 'CXX_LD' are defined in the environment, not changing global flags.
None of 'FC' are defined in the environment, not changing global flags.
Failed to find a fortran compiler for CMake. This might cause CMake to fail.
Called `/usr/bin/cmake --trace-expand --trace-format=json-v1 --no-warn-unused-cli --trace-redirect=cmake_trace.txt .` in /mnt/sda5/home/kitty/Downloads/swa/build_alp/meson-private/cmake_dlg -> 0
  -- Module search paths:    ['/', '/mnt/sda5/root/Downloads/alpine/usr', '/usr', '/usr/local']
  -- CMake root:             /mnt/sda5/root/Downloads/alpine/usr/share/cmake
  -- CMake architectures:    []
  -- CMake lib search paths: ['lib', 'lib32', 'lib64', 'libx32', 'share']
Preliminary CMake check failed. Aborting.
Run-time dependency dlg found: NO (tried pkgconfig and cmake)
Looking for a fallback subproject for the dependency dlg

Executing subproject dlg method meson 

None of 'PKG_CONFIG_PATH' are defined in the environment, not changing global flags.
None of 'PKG_CONFIG_PATH' are defined in the environment, not changing global flags.
Project name: dlg
Project version: 0.2.2
C compiler for the build machine: cc (gcc 10.2.0 "cc (Alpine 10.2.0) 10.2.0")
C linker for the build machine: cc ld.bfd 2.35.1
None of 'CXX' are defined in the environment, not changing global flags.
None of 'CXXFLAGS' are defined in the environment, not changing global flags.
None of 'LDFLAGS' are defined in the environment, not changing global flags.
None of 'CPPFLAGS' are defined in the environment, not changing global flags.
None of 'CXX_LD' are defined in the environment, not changing global flags.
Sanity testing C++ compiler: c++
Is cross compiler: False.
None of 'CXX_LD' are defined in the environment, not changing global flags.
Sanity check compiler command line: c++ /mnt/sda5/home/kitty/Downloads/swa/build_alp/meson-private/sanitycheckcpp.cc -o /mnt/sda5/home/kitty/Downloads/swa/build_alp/meson-private/sanitycheckcpp.exe -pipe -D_FILE_OFFSET_BITS=64
Sanity check compile stdout:

-----
Sanity check compile stderr:

-----
Running test binary command: /mnt/sda5/home/kitty/Downloads/swa/build_alp/meson-private/sanitycheckcpp.exe
C++ compiler for the build machine: c++ (gcc 10.2.0 "c++ (Alpine 10.2.0) 10.2.0")
C++ linker for the build machine: c++ ld.bfd 2.35.1
C compiler for the host machine: cc (gcc 10.2.0 "cc (Alpine 10.2.0) 10.2.0")
C linker for the host machine: cc ld.bfd 2.35.1
None of 'CXX' are defined in the environment, not changing global flags.
None of 'CXXFLAGS' are defined in the environment, not changing global flags.
None of 'LDFLAGS' are defined in the environment, not changing global flags.
None of 'CPPFLAGS' are defined in the environment, not changing global flags.
None of 'CXX_LD' are defined in the environment, not changing global flags.
Sanity testing C++ compiler: c++
Is cross compiler: False.
None of 'CXX_LD' are defined in the environment, not changing global flags.
Sanity check compiler command line: c++ /mnt/sda5/home/kitty/Downloads/swa/build_alp/meson-private/sanitycheckcpp.cc -o /mnt/sda5/home/kitty/Downloads/swa/build_alp/meson-private/sanitycheckcpp.exe -pipe -D_FILE_OFFSET_BITS=64
Sanity check compile stdout:

-----
Sanity check compile stderr:

-----
Running test binary command: /mnt/sda5/home/kitty/Downloads/swa/build_alp/meson-private/sanitycheckcpp.exe
C++ compiler for the host machine: c++ (gcc 10.2.0 "c++ (Alpine 10.2.0) 10.2.0")
C++ linker for the host machine: c++ ld.bfd 2.35.1
Dependency threads found: YES unknown (cached)
Build targets in project: 1
Subproject dlg finished.

Dependency dlg from subproject subprojects/dlg found: YES 0.2.2
Pkg-config binary for MachineChoice.HOST is cached.
Determining dependency 'vulkan' with pkg-config executable '/usr/bin/pkg-config'
PKG_CONFIG_PATH: 
Called `/usr/bin/pkg-config --modversion vulkan` -> 0
1.2.139
PKG_CONFIG_PATH: 
Called `/usr/bin/pkg-config --cflags vulkan` -> 0

PKG_CONFIG_PATH: 
Called `/usr/bin/pkg-config vulkan --libs` -> 0
-L/usr/lib -lvulkan
PKG_CONFIG_PATH: 
Called `/usr/bin/pkg-config vulkan --libs` -> 0
-lvulkan
None of 'PKG_CONFIG_PATH' are defined in the environment, not changing global flags.
None of 'CXX_LD' are defined in the environment, not changing global flags.
Running compile:
Working directory:  /mnt/sda5/home/kitty/Downloads/swa/build_alp/meson-private/tmpug1bacpt
Command line:  c++ /mnt/sda5/home/kitty/Downloads/swa/build_alp/meson-private/tmpug1bacpt/testfile.cpp -o /mnt/sda5/home/kitty/Downloads/swa/build_alp/meson-private/tmpug1bacpt/output.exe -pipe -D_FILE_OFFSET_BITS=64 -O0 -fpermissive 

Code:
 #include<stdio.h>
        
        int main(void) {
            printf("%ld\n", (long)(sizeof(void *)));
            return 0;
        };
Compiler stdout:
 
Compiler stderr:
 
Program stdout:

8

Program stderr:


Running compile:
Working directory:  /mnt/sda5/home/kitty/Downloads/swa/build_alp/meson-private/tmp11taoj9e
Command line:  c++ /mnt/sda5/home/kitty/Downloads/swa/build_alp/meson-private/tmp11taoj9e/testfile.cpp -o /mnt/sda5/home/kitty/Downloads/swa/build_alp/meson-private/tmp11taoj9e/output.obj -pipe -c -D_FILE_OFFSET_BITS=64 -O0 -fpermissive --print-search-dirs 

Code:
 
Compiler stdout:
 install: /mnt/sda5/root/Downloads/alpine/usr/bin/../lib/gcc/x86_64-alpine-linux-musl/10.2.0/
programs: =/mnt/sda5/root/Downloads/alpine/usr/bin/../libexec/gcc/x86_64-alpine-linux-musl/10.2.0/:/mnt/sda5/root/Downloads/alpine/usr/bin/../libexec/gcc/:/mnt/sda5/root/Downloads/alpine/usr/bin/../lib/gcc/x86_64-alpine-linux-musl/10.2.0/../../../../x86_64-alpine-linux-musl/bin/x86_64-alpine-linux-musl/10.2.0/:/mnt/sda5/root/Downloads/alpine/usr/bin/../lib/gcc/x86_64-alpine-linux-musl/10.2.0/../../../../x86_64-alpine-linux-musl/bin/
libraries: =/mnt/sda5/root/Downloads/alpine/usr/bin/../lib/gcc/x86_64-alpine-linux-musl/10.2.0/:/mnt/sda5/root/Downloads/alpine/usr/bin/../lib/gcc/:/mnt/sda5/root/Downloads/alpine/usr/bin/../lib/gcc/x86_64-alpine-linux-musl/10.2.0/../../../../x86_64-alpine-linux-musl/lib/x86_64-alpine-linux-musl/10.2.0/:/mnt/sda5/root/Downloads/alpine/usr/bin/../lib/gcc/x86_64-alpine-linux-musl/10.2.0/../../../../x86_64-alpine-linux-musl/lib/../lib/:/mnt/sda5/root/Downloads/alpine/usr/bin/../lib/gcc/x86_64-alpine-linux-musl/10.2.0/../../../x86_64-alpine-linux-musl/10.2.0/:/mnt/sda5/root/Downloads/alpine/usr/bin/../lib/gcc/x86_64-alpine-linux-musl/10.2.0/../../../../lib/:/lib/x86_64-alpine-linux-musl/10.2.0/:/lib/../lib/:/usr/lib/x86_64-alpine-linux-musl/10.2.0/:/usr/lib/../lib/:/mnt/sda5/root/Downloads/alpine/usr/bin/../lib/gcc/x86_64-alpine-linux-musl/10.2.0/../../../../x86_64-alpine-linux-musl/lib/:/mnt/sda5/root/Downloads/alpine/usr/bin/../lib/gcc/x86_64-alpine-linux-musl/10.2.0/../../../:/lib/:/usr/lib/

Compiler stderr:
 
Run-time dependency vulkan found: YES 1.2.139
Pkg-config binary for MachineChoice.HOST is cached.
Determining dependency 'pml' with pkg-config executable '/usr/bin/pkg-config'
PKG_CONFIG_PATH: 
Called `/usr/bin/pkg-config --modversion pml` -> 1

CMake binary for MachineChoice.HOST is cached.
None of 'CMAKE_PREFIX_PATH' are defined in the environment, not changing global flags.
Preliminary CMake check failed. Aborting.
Run-time dependency pml found: NO (tried pkgconfig and cmake)
Looking for a fallback subproject for the dependency pml

Executing subproject pml method meson 

None of 'PKG_CONFIG_PATH' are defined in the environment, not changing global flags.
None of 'PKG_CONFIG_PATH' are defined in the environment, not changing global flags.
Project name: pml
Project version: 0.1.0
C compiler for the build machine: cc (gcc 10.2.0 "cc (Alpine 10.2.0) 10.2.0")
C linker for the build machine: cc ld.bfd 2.35.1
C compiler for the host machine: cc (gcc 10.2.0 "cc (Alpine 10.2.0) 10.2.0")
C linker for the host machine: cc ld.bfd 2.35.1
Build targets in project: 2
Subproject pml finished.

Dependency pml from subproject subprojects/pml found: YES 0.1.0
Pkg-config binary for MachineChoice.HOST is cached.
Determining dependency 'xkbcommon' with pkg-config executable '/usr/bin/pkg-config'
PKG_CONFIG_PATH: 
Called `/usr/bin/pkg-config --modversion xkbcommon` -> 0
1.0.1
PKG_CONFIG_PATH: 
Called `/usr/bin/pkg-config --cflags xkbcommon` -> 0

PKG_CONFIG_PATH: 
Called `/usr/bin/pkg-config xkbcommon --libs` -> 0
-L/usr/lib -lxkbcommon
PKG_CONFIG_PATH: 
Called `/usr/bin/pkg-config xkbcommon --libs` -> 0
-lxkbcommon
None of 'PKG_CONFIG_PATH' are defined in the environment, not changing global flags.
Run-time dependency xkbcommon found: YES 1.0.1
Pkg-config binary for MachineChoice.HOST is cached.
Determining dependency 'wayland-client' with pkg-config executable '/usr/bin/pkg-config'
PKG_CONFIG_PATH: 
Called `/usr/bin/pkg-config --modversion wayland-client` -> 0
1.18.0
PKG_CONFIG_PATH: 
Called `/usr/bin/pkg-config --cflags wayland-client` -> 0

PKG_CONFIG_PATH: 
Called `/usr/bin/pkg-config wayland-client --libs` -> 0
-L/usr/lib -lwayland-client
PKG_CONFIG_PATH: 
Called `/usr/bin/pkg-config wayland-client --libs` -> 0
-lwayland-client
None of 'PKG_CONFIG_PATH' are defined in the environment, not changing global flags.
Run-time dependency wayland-client found: YES 1.18.0
Pkg-config binary for MachineChoice.HOST is cached.
Determining dependency 'wayland-cursor' with pkg-config executable '/usr/bin/pkg-config'
PKG_CONFIG_PATH: 
Called `/usr/bin/pkg-config --modversion wayland-cursor` -> 0
1.18.0
PKG_CONFIG_PATH: 
Called `/usr/bin/pkg-config --cflags wayland-cursor` -> 0

PKG_CONFIG_PATH: 
Called `/usr/bin/pkg-config wayland-cursor --libs` -> 0
-L/usr/lib -lwayland-cursor
PKG_CONFIG_PATH: 
Called `/usr/bin/pkg-config wayland-cursor --libs` -> 0
-lwayland-cursor
None of 'PKG_CONFIG_PATH' are defined in the environment, not changing global flags.
Run-time dependency wayland-cursor found: YES 1.18.0
Pkg-config binary for MachineChoice.HOST is cached.
Determining dependency 'wayland-egl' with pkg-config executable '/usr/bin/pkg-config'
PKG_CONFIG_PATH: 
Called `/usr/bin/pkg-config --modversion wayland-egl` -> 0
18.1.0
PKG_CONFIG_PATH: 
Called `/usr/bin/pkg-config --cflags wayland-egl` -> 0

PKG_CONFIG_PATH: 
Called `/usr/bin/pkg-config wayland-egl --libs` -> 0
-L/usr/lib -lwayland-egl -lwayland-client
PKG_CONFIG_PATH: 
Called `/usr/bin/pkg-config wayland-egl --libs` -> 0
-lwayland-egl -lwayland-client
None of 'PKG_CONFIG_PATH' are defined in the environment, not changing global flags.
Run-time dependency wayland-egl found: YES 18.1.0
Pkg-config binary for MachineChoice.HOST is cached.
Determining dependency 'egl' with pkg-config executable '/usr/bin/pkg-config'
PKG_CONFIG_PATH: 
Called `/usr/bin/pkg-config --modversion egl` -> 0
20.1.8
PKG_CONFIG_PATH: 
Called `/usr/bin/pkg-config --cflags egl` -> 0
-I/usr/include/libdrm
PKG_CONFIG_PATH: 
Called `/usr/bin/pkg-config egl --libs` -> 0
-L/usr/lib -lEGL
PKG_CONFIG_PATH: 
Called `/usr/bin/pkg-config egl --libs` -> 0
-lEGL
None of 'PKG_CONFIG_PATH' are defined in the environment, not changing global flags.
Run-time dependency egl found: YES 20.1.8
Pkg-config binary for MachineChoice.HOST is cached.
Determining dependency 'x11' with pkg-config executable '/usr/bin/pkg-config'
PKG_CONFIG_PATH: 
Called `/usr/bin/pkg-config --modversion x11` -> 0
1.6.12
PKG_CONFIG_PATH: 
Called `/usr/bin/pkg-config --cflags x11` -> 0

PKG_CONFIG_PATH: 
Called `/usr/bin/pkg-config x11 --libs` -> 0
-L/usr/lib -lX11
PKG_CONFIG_PATH: 
Called `/usr/bin/pkg-config x11 --libs` -> 0
-lX11
None of 'PKG_CONFIG_PATH' are defined in the environment, not changing global flags.
Run-time dependency x11 found: YES 1.6.12
Pkg-config binary for MachineChoice.HOST is cached.
Determining dependency 'x11-xcb' with pkg-config executable '/usr/bin/pkg-config'
PKG_CONFIG_PATH: 
Called `/usr/bin/pkg-config --modversion x11-xcb` -> 0
1.6.12
PKG_CONFIG_PATH: 
Called `/usr/bin/pkg-config --cflags x11-xcb` -> 0

PKG_CONFIG_PATH: 
Called `/usr/bin/pkg-config x11-xcb --libs` -> 0
-L/usr/lib -lX11-xcb -lX11 -lxcb
PKG_CONFIG_PATH: 
Called `/usr/bin/pkg-config x11-xcb --libs` -> 0
-lX11-xcb -lX11 -lxcb
None of 'PKG_CONFIG_PATH' are defined in the environment, not changing global flags.
Run-time dependency x11-xcb found: YES 1.6.12
Pkg-config binary for MachineChoice.HOST is cached.
Determining dependency 'xcursor' with pkg-config executable '/usr/bin/pkg-config'
PKG_CONFIG_PATH: 
Called `/usr/bin/pkg-config --modversion xcursor` -> 1

CMake binary for MachineChoice.HOST is cached.
None of 'CMAKE_PREFIX_PATH' are defined in the environment, not changing global flags.
Preliminary CMake check failed. Aborting.
Run-time dependency xcursor found: NO (tried pkgconfig and cmake)

meson.build:142:1: ERROR: Dependency "xcursor" not found, tried pkgconfig and cmake
